<?xml version="1.0" encoding="UTF-8"?>
<!-- Generated by org.testng.reporters.JUnitReportReporter -->
<testsuite hostname="IN-696XTN3" failures="0" tests="3" name="Add_to_cart_pageTest" time="13.757" errors="0" timestamp="2023-08-10T17:27:38 IST" skipped="0">
  <testcase classname="Add_to_cart_pageTest" name="clickitemTest" time="2.019"/>
  <system-out/>
  <testcase classname="Add_to_cart_pageTest" name="selectoptions" time="4.213"/>
  <system-out/>
  <testcase classname="Add_to_cart_pageTest" name="addtocartTest" time="7.525"/>
  <system-out/>
</testsuite> <!-- Add_to_cart_pageTest -->
