<?xml version="1.0" encoding="UTF-8"?>
<!-- Generated by org.testng.reporters.JUnitReportReporter -->
<testsuite hostname="IN-696XTN3" failures="0" tests="1" name="Add_to_cart_pageTest" time="1.287" errors="0" timestamp="2023-08-08T14:24:22 IST" skipped="0">
  <testcase classname="Add_to_cart_pageTest" name="clickitemTest" time="1.287"/>
  <system-out/>
</testsuite> <!-- Add_to_cart_pageTest -->
